<?xml version="1.0" encoding="UTF-8"?>
<!-- Generated by org.testng.reporters.JUnitXMLReporter -->
<testsuite ignored="0" hostname="DESKTOP-UIFG9QV" failures="0" tests="3" name="Default test" time="42.262" errors="0" timestamp="2022-01-06T06:44:40 IST">
  <testcase classname="Test_Runner.Login_Test_Runner" name="login_TC1" time="4.569"/>
  <testcase classname="Test_Runner.Login_Test_Runner" name="login_TC2" time="3.387"/>
  <testcase classname="Test_Runner.Login_Test_Runner" name="login_TC3" time="1.967"/>
</testsuite> <!-- Default test -->
