<?xml version="1.0" encoding="UTF-8"?>
<testng-results ignored="0" total="3" passed="3" failed="0" skipped="0">
  <reporter-output>
  </reporter-output>
  <suite started-at="2022-01-06T06:43:58 IST" name="Default suite" finished-at="2022-01-06T06:44:40 IST" duration-ms="42262">
    <groups>
    </groups>
    <test started-at="2022-01-06T06:43:58 IST" name="Default test" finished-at="2022-01-06T06:44:40 IST" duration-ms="42262">
      <class name="Test_Runner.Login_Test_Runner">
        <test-method is-config="true" signature="open_browser()[pri:0, instance:Test_Runner.Login_Test_Runner@58695725]" started-at="2022-01-06T06:43:58 IST" name="open_browser" finished-at="2022-01-06T06:44:19 IST" duration-ms="21085" status="PASS">
          <reporter-output>
          </reporter-output>
        </test-method> <!-- open_browser -->
        <test-method signature="login_TC1()[pri:0, instance:Test_Runner.Login_Test_Runner@58695725]" started-at="2022-01-06T06:44:19 IST" name="login_TC1" finished-at="2022-01-06T06:44:23 IST" duration-ms="4569" status="PASS">
          <reporter-output>
          </reporter-output>
        </test-method> <!-- login_TC1 -->
        <test-method is-config="true" signature="close_Browser()[pri:0, instance:Test_Runner.Login_Test_Runner@58695725]" started-at="2022-01-06T06:44:24 IST" name="close_Browser" finished-at="2022-01-06T06:44:24 IST" duration-ms="487" status="PASS">
          <reporter-output>
          </reporter-output>
        </test-method> <!-- close_Browser -->
        <test-method is-config="true" signature="open_browser()[pri:0, instance:Test_Runner.Login_Test_Runner@58695725]" started-at="2022-01-06T06:44:24 IST" name="open_browser" finished-at="2022-01-06T06:44:30 IST" duration-ms="6065" status="PASS">
          <reporter-output>
          </reporter-output>
        </test-method> <!-- open_browser -->
        <test-method signature="login_TC2()[pri:0, instance:Test_Runner.Login_Test_Runner@58695725]" started-at="2022-01-06T06:44:30 IST" name="login_TC2" finished-at="2022-01-06T06:44:34 IST" duration-ms="3387" status="PASS">
          <reporter-output>
          </reporter-output>
        </test-method> <!-- login_TC2 -->
        <test-method is-config="true" signature="close_Browser()[pri:0, instance:Test_Runner.Login_Test_Runner@58695725]" started-at="2022-01-06T06:44:34 IST" name="close_Browser" finished-at="2022-01-06T06:44:34 IST" duration-ms="113" status="PASS">
          <reporter-output>
          </reporter-output>
        </test-method> <!-- close_Browser -->
        <test-method is-config="true" signature="open_browser()[pri:0, instance:Test_Runner.Login_Test_Runner@58695725]" started-at="2022-01-06T06:44:34 IST" name="open_browser" finished-at="2022-01-06T06:44:38 IST" duration-ms="4147" status="PASS">
          <reporter-output>
          </reporter-output>
        </test-method> <!-- open_browser -->
        <test-method signature="login_TC3()[pri:0, instance:Test_Runner.Login_Test_Runner@58695725]" started-at="2022-01-06T06:44:38 IST" name="login_TC3" finished-at="2022-01-06T06:44:40 IST" duration-ms="1967" status="PASS">
          <reporter-output>
          </reporter-output>
        </test-method> <!-- login_TC3 -->
        <test-method is-config="true" signature="close_Browser()[pri:0, instance:Test_Runner.Login_Test_Runner@58695725]" started-at="2022-01-06T06:44:40 IST" name="close_Browser" finished-at="2022-01-06T06:44:40 IST" duration-ms="269" status="PASS">
          <reporter-output>
          </reporter-output>
        </test-method> <!-- close_Browser -->
      </class> <!-- Test_Runner.Login_Test_Runner -->
    </test> <!-- Default test -->
  </suite> <!-- Default suite -->
</testng-results>
